#
# There is insufficient memory for the Java Runtime Environment to continue.
# Native memory allocation (mmap) failed to map 56623104 bytes for G1 virtual space
# Possible reasons:
#   The system is out of physical RAM or swap space
#   The process is running with CompressedOops enabled, and the Java Heap may be blocking the growth of the native heap
# Possible solutions:
#   Reduce memory load on the system
#   Increase physical memory or swap space
#   Check if swap backing store is full
#   Decrease Java heap size (-Xmx/-Xms)
#   Decrease number of Java threads
#   Decrease Java thread stack sizes (-Xss)
#   Set larger code cache with -XX:ReservedCodeCacheSize=
#   JVM is running with Zero Based Compressed Oops mode in which the Java heap is
#     placed in the first 32GB address space. The Java Heap base address is the
#     maximum limit for the native heap growth. Please use -XX:HeapBaseMinAddress
#     to set the Java Heap base and to place the Java Heap above 32GB virtual address.
# This output file may be truncated or incomplete.
#
#  Out of Memory Error (os_windows.cpp:3600), pid=18740, tid=16376
#
# JRE version: OpenJDK Runtime Environment (21.0+35) (build 21+35-2513)
# Java VM: OpenJDK 64-Bit Server VM (21+35-2513, mixed mode, emulated-client, sharing, tiered, compressed oops, compressed class ptrs, g1 gc, windows-amd64)
# No core dump will be written. Minidumps are not enabled by default on client versions of Windows
#

---------------  S U M M A R Y ------------

Command Line: -Dcom.sun.management.jmxremote -Dcom.sun.management.jmxremote.port=57842 -Dcom.sun.management.jmxremote.authenticate=false -Dcom.sun.management.jmxremote.ssl=false -Djava.rmi.server.hostname=localhost -Dspring.jmx.enabled=true -Dmanagement.endpoints.jmx.exposure.include=* -Dspring.application.admin.enabled=true -Dspring.output.ansi.enabled=always -XX:TieredStopAtLevel=1 -Dspring.boot.project.name=cmtProject -Dfile.encoding=UTF-8 -Dstdout.encoding=UTF-8 -Dstderr.encoding=UTF-8 -XX:+ShowCodeDetailsInExceptionMessages com.example.cmtProject.CmtProjectApplication

Host: 11th Gen Intel(R) Core(TM) i7-11700 @ 2.50GHz, 16 cores, 15G,  Windows 11 , 64 bit Build 26100 (10.0.26100.3323)
Time: Thu Mar 20 12:48:36 2025  Windows 11 , 64 bit Build 26100 (10.0.26100.3323) elapsed time: 3789.464108 seconds (0d 1h 3m 9s)

---------------  T H R E A D  ---------------

Current thread (0x00000276c3b01210):  VMThread "VM Thread"          [id=16376, stack(0x000000a2e8300000,0x000000a2e8400000) (1024K)]

Stack: [0x000000a2e8300000,0x000000a2e8400000]
Native frames: (J=compiled Java code, j=interpreted, Vv=VM code, C=native code)
V  [jvm.dll+0x6c8d39]
V  [jvm.dll+0x854091]
V  [jvm.dll+0x85630e]
V  [jvm.dll+0x8569e3]
V  [jvm.dll+0x2809a6]
V  [jvm.dll+0x6c5425]
V  [jvm.dll+0x6b9e1a]
V  [jvm.dll+0x3555ba]
V  [jvm.dll+0x35d206]
V  [jvm.dll+0x3adf6e]
V  [jvm.dll+0x3ae218]
V  [jvm.dll+0x328fcc]
V  [jvm.dll+0x329057]
V  [jvm.dll+0x36d90c]
V  [jvm.dll+0x36c10d]
V  [jvm.dll+0x328741]
V  [jvm.dll+0x36b81a]
V  [jvm.dll+0x85c4e8]
V  [jvm.dll+0x85d5e4]
V  [jvm.dll+0x85db20]
V  [jvm.dll+0x85ddc3]
V  [jvm.dll+0x7fd2c8]
V  [jvm.dll+0x6c748d]
C  [ucrtbase.dll+0x37b0]
C  [KERNEL32.DLL+0x2e8d7]
C  [ntdll.dll+0xbbf6c]

VM_Operation (0x000000a2eb7fe750): G1CollectForAllocation, mode: safepoint, requested by thread 0x0000027712bd2f50


---------------  P R O C E S S  ---------------

Threads class SMR info:
_java_thread_list=0x000002770d5d3700, length=42, elements={
0x00000276c3b22610, 0x00000276c3b23070, 0x00000276c3b29f90, 0x00000276c3b2b060,
0x00000276c3b2df60, 0x00000276c4798090, 0x00000276c479d9c0, 0x00000276c4869120,
0x00000276c4944520, 0x000002770a451cb0, 0x000002770a4620e0, 0x000002770a4821c0,
0x000002770a9497f0, 0x000002770a97a3a0, 0x000002770a97bde0, 0x000002770a978ff0,
0x000002770a97b0c0, 0x000002770a211a30, 0x000002770a1f7770, 0x0000027712bd28c0,
0x0000027712c67440, 0x000002770a1f5010, 0x000002770a1f8490, 0x000002770a1f56a0,
0x000002770a1f6a50, 0x000002770d0e9060, 0x0000027712bd2f50, 0x0000027712bd35e0,
0x0000027712bd2230, 0x0000027712af33b0, 0x0000027712af6830, 0x0000027712af4df0,
0x0000027712af5b10, 0x0000027712af40d0, 0x0000027712af4760, 0x0000027712af61a0,
0x0000027712af3a40, 0x0000027712af5480, 0x0000027712995540, 0x0000027712e2c410,
0x0000027712ac1080, 0x0000027712abfcd0
}

Java Threads: ( => current thread )
  0x00000276c3b22610 JavaThread "Reference Handler"          daemon [_thread_blocked, id=3044, stack(0x000000a2e8400000,0x000000a2e8500000) (1024K)]
  0x00000276c3b23070 JavaThread "Finalizer"                  daemon [_thread_blocked, id=2564, stack(0x000000a2e8500000,0x000000a2e8600000) (1024K)]
  0x00000276c3b29f90 JavaThread "Signal Dispatcher"          daemon [_thread_blocked, id=14952, stack(0x000000a2e8600000,0x000000a2e8700000) (1024K)]
  0x00000276c3b2b060 JavaThread "Attach Listener"            daemon [_thread_blocked, id=16192, stack(0x000000a2e8700000,0x000000a2e8800000) (1024K)]
  0x00000276c3b2df60 JavaThread "Service Thread"             daemon [_thread_blocked, id=20376, stack(0x000000a2e8800000,0x000000a2e8900000) (1024K)]
  0x00000276c4798090 JavaThread "Monitor Deflation Thread"   daemon [_thread_blocked, id=9084, stack(0x000000a2e8900000,0x000000a2e8a00000) (1024K)]
  0x00000276c479d9c0 JavaThread "C1 CompilerThread0"         daemon [_thread_blocked, id=13932, stack(0x000000a2e8a00000,0x000000a2e8b00000) (1024K)]
  0x00000276c4869120 JavaThread "Common-Cleaner"             daemon [_thread_blocked, id=15480, stack(0x000000a2e8d00000,0x000000a2e8e00000) (1024K)]
  0x00000276c4944520 JavaThread "Notification Thread"        daemon [_thread_blocked, id=14524, stack(0x000000a2e9000000,0x000000a2e9100000) (1024K)]
  0x000002770a451cb0 JavaThread "RMI TCP Accept-0"           daemon [_thread_in_native, id=12940, stack(0x000000a2e9100000,0x000000a2e9200000) (1024K)]
  0x000002770a4620e0 JavaThread "RMI TCP Accept-57842"       daemon [_thread_in_native, id=9688, stack(0x000000a2e9200000,0x000000a2e9300000) (1024K)]
  0x000002770a4821c0 JavaThread "RMI TCP Accept-0"           daemon [_thread_in_native, id=17680, stack(0x000000a2e9300000,0x000000a2e9400000) (1024K)]
  0x000002770a9497f0 JavaThread "RMI Scheduler(0)"           daemon [_thread_blocked, id=8424, stack(0x000000a2e9f00000,0x000000a2ea000000) (1024K)]
  0x000002770a97a3a0 JavaThread "JMX server connection timeout 47" daemon [_thread_blocked, id=11772, stack(0x000000a2ea100000,0x000000a2ea200000) (1024K)]
  0x000002770a97bde0 JavaThread "oracle.jdbc.diagnostics.Diagnostic.CLOCK" daemon [_thread_blocked, id=13652, stack(0x000000a2eb200000,0x000000a2eb300000) (1024K)]
  0x000002770a978ff0 JavaThread "oracle.jdbc.driver.BlockSource.ThreadedCachingBlockSource.BlockReleaser" daemon [_thread_blocked, id=3980, stack(0x000000a2eb300000,0x000000a2eb400000) (1024K)]
  0x000002770a97b0c0 JavaThread "InterruptTimer"             daemon [_thread_blocked, id=16464, stack(0x000000a2eb500000,0x000000a2eb600000) (1024K)]
  0x000002770a211a30 JavaThread "DestroyJavaVM"                     [_thread_blocked, id=12228, stack(0x000000a2e7c00000,0x000000a2e7d00000) (1024K)]
  0x000002770a1f7770 JavaThread "Live Reload Server"         daemon [_thread_in_native, id=6176, stack(0x000000a2eb400000,0x000000a2eb500000) (1024K)]
  0x0000027712bd28c0 JavaThread "RMI TCP Connection(idle)"   daemon [_thread_blocked, id=11832, stack(0x000000a2e7b00000,0x000000a2e7c00000) (1024K)]
  0x0000027712c67440 JavaThread "File Watcher"               daemon [_thread_blocked, id=10296, stack(0x000000a2e8b00000,0x000000a2e8c00000) (1024K)]
  0x000002770a1f5010 JavaThread "Catalina-utility-1"                [_thread_blocked, id=12568, stack(0x000000a2e9c00000,0x000000a2e9d00000) (1024K)]
  0x000002770a1f8490 JavaThread "Catalina-utility-2"                [_thread_blocked, id=7616, stack(0x000000a2e9d00000,0x000000a2e9e00000) (1024K)]
  0x000002770a1f56a0 JavaThread "container-1"                       [_thread_blocked, id=2684, stack(0x000000a2e9e00000,0x000000a2e9f00000) (1024K)]
  0x000002770a1f6a50 JavaThread "OJDBC-WORKER-THREAD-8"      daemon [_thread_blocked, id=6544, stack(0x000000a2ea800000,0x000000a2ea900000) (1024K)]
  0x000002770d0e9060 JavaThread "HikariPool-21 housekeeper"  daemon [_thread_blocked, id=17184, stack(0x000000a2eb100000,0x000000a2eb200000) (1024K)]
  0x0000027712bd2f50 JavaThread "File Watcher"               daemon [_thread_blocked, id=17072, stack(0x000000a2eb700000,0x000000a2eb800000) (1024K)]
  0x0000027712bd35e0 JavaThread "http-nio-8080-exec-1"       daemon [_thread_blocked, id=10416, stack(0x000000a2eb800000,0x000000a2eb900000) (1024K)]
  0x0000027712bd2230 JavaThread "http-nio-8080-exec-2"       daemon [_thread_blocked, id=892, stack(0x000000a2eb900000,0x000000a2eba00000) (1024K)]
  0x0000027712af33b0 JavaThread "http-nio-8080-exec-3"       daemon [_thread_blocked, id=18000, stack(0x000000a2eba00000,0x000000a2ebb00000) (1024K)]
  0x0000027712af6830 JavaThread "http-nio-8080-exec-4"       daemon [_thread_blocked, id=1480, stack(0x000000a2ebb00000,0x000000a2ebc00000) (1024K)]
  0x0000027712af4df0 JavaThread "http-nio-8080-exec-5"       daemon [_thread_blocked, id=19860, stack(0x000000a2ebc00000,0x000000a2ebd00000) (1024K)]
  0x0000027712af5b10 JavaThread "http-nio-8080-exec-6"       daemon [_thread_blocked, id=11556, stack(0x000000a2ebd00000,0x000000a2ebe00000) (1024K)]
  0x0000027712af40d0 JavaThread "http-nio-8080-exec-7"       daemon [_thread_blocked, id=16316, stack(0x000000a2ebe00000,0x000000a2ebf00000) (1024K)]
  0x0000027712af4760 JavaThread "http-nio-8080-exec-8"       daemon [_thread_blocked, id=10408, stack(0x000000a2ebf00000,0x000000a2ec000000) (1024K)]
  0x0000027712af61a0 JavaThread "http-nio-8080-exec-9"       daemon [_thread_blocked, id=12836, stack(0x000000a2ec000000,0x000000a2ec100000) (1024K)]
  0x0000027712af3a40 JavaThread "http-nio-8080-exec-10"      daemon [_thread_blocked, id=18448, stack(0x000000a2ec100000,0x000000a2ec200000) (1024K)]
  0x0000027712af5480 JavaThread "http-nio-8080-Poller"       daemon [_thread_blocked, id=9696, stack(0x000000a2ec200000,0x000000a2ec300000) (1024K)]
  0x0000027712995540 JavaThread "http-nio-8080-Acceptor"     daemon [_thread_in_native, id=12616, stack(0x000000a2ec300000,0x000000a2ec400000) (1024K)]
  0x0000027712e2c410 JavaThread "RMI TCP Connection(121)-127.0.0.1" daemon [_thread_in_native, id=13576, stack(0x000000a2ec400000,0x000000a2ec500000) (1024K)]
  0x0000027712ac1080 JavaThread "RMI TCP Connection(122)-127.0.0.1" daemon [_thread_in_native, id=9720, stack(0x000000a2e8f00000,0x000000a2e9000000) (1024K)]
  0x0000027712abfcd0 JavaThread "RMI TCP Connection(123)-127.0.0.1" daemon [_thread_in_native, id=8740, stack(0x000000a2ea500000,0x000000a2ea600000) (1024K)]
Total: 42

Other Threads:
=>0x00000276c3b01210 VMThread "VM Thread"                           [id=16376, stack(0x000000a2e8300000,0x000000a2e8400000) (1024K)]
  0x00000276c3af0b10 WatcherThread "VM Periodic Task Thread"        [id=1872, stack(0x000000a2e8200000,0x000000a2e8300000) (1024K)]
  0x00000276aedf6b20 WorkerThread "GC Thread#0"                     [id=10540, stack(0x000000a2e7d00000,0x000000a2e7e00000) (1024K)]
  0x000002770a513ed0 WorkerThread "GC Thread#1"                     [id=5776, stack(0x000000a2e9400000,0x000000a2e9500000) (1024K)]
  0x000002770a514270 WorkerThread "GC Thread#2"                     [id=10656, stack(0x000000a2e9500000,0x000000a2e9600000) (1024K)]
  0x000002770a505850 WorkerThread "GC Thread#3"                     [id=14088, stack(0x000000a2e9600000,0x000000a2e9700000) (1024K)]
  0x000002770a531030 WorkerThread "GC Thread#4"                     [id=16196, stack(0x000000a2e9700000,0x000000a2e9800000) (1024K)]
  0x000002770a530c90 WorkerThread "GC Thread#5"                     [id=17532, stack(0x000000a2e9800000,0x000000a2e9900000) (1024K)]
  0x000002770a5313d0 WorkerThread "GC Thread#6"                     [id=11792, stack(0x000000a2e9900000,0x000000a2e9a00000) (1024K)]
  0x000002770a531770 WorkerThread "GC Thread#7"                     [id=5264, stack(0x000000a2e9a00000,0x000000a2e9b00000) (1024K)]
  0x000002770a531b10 WorkerThread "GC Thread#8"                     [id=11788, stack(0x000000a2e9b00000,0x000000a2e9c00000) (1024K)]
  0x000002770a532250 WorkerThread "GC Thread#9"                     [id=18464, stack(0x000000a2ea200000,0x000000a2ea300000) (1024K)]
  0x000002770a5308f0 WorkerThread "GC Thread#10"                    [id=17872, stack(0x000000a2ea300000,0x000000a2ea400000) (1024K)]
  0x000002770aa56400 WorkerThread "GC Thread#11"                    [id=9616, stack(0x000000a2eac00000,0x000000a2ead00000) (1024K)]
  0x000002770aa57620 WorkerThread "GC Thread#12"                    [id=3844, stack(0x000000a2ead00000,0x000000a2eae00000) (1024K)]
  0x00000276aee074d0 ConcurrentGCThread "G1 Main Marker"            [id=9700, stack(0x000000a2e7e00000,0x000000a2e7f00000) (1024K)]
  0x00000276aee07ee0 WorkerThread "G1 Conc#0"                       [id=14268, stack(0x000000a2e7f00000,0x000000a2e8000000) (1024K)]
  0x000002770aa579c0 WorkerThread "G1 Conc#1"                       [id=12648, stack(0x000000a2eae00000,0x000000a2eaf00000) (1024K)]
  0x000002770aa54e40 WorkerThread "G1 Conc#2"                       [id=11768, stack(0x000000a2eaf00000,0x000000a2eb000000) (1024K)]
  0x00000276aee3e700 ConcurrentGCThread "G1 Refine#0"               [id=16848, stack(0x000000a2e8000000,0x000000a2e8100000) (1024K)]
  0x00000276c39c4180 ConcurrentGCThread "G1 Service"                [id=7028, stack(0x000000a2e8100000,0x000000a2e8200000) (1024K)]
Total: 21

Threads with active compile tasks:
Total: 0

VM state: at safepoint (normal execution)

VM Mutex/Monitor currently owned by a thread:  ([mutex/lock_event])
[0x00007ff8a45d8548] Threads_lock - owner thread: 0x00000276c3b01210
[0x00007ff8a45d8648] Heap_lock - owner thread: 0x0000027712bd2f50

Heap address: 0x0000000705400000, size: 4012 MB, Compressed Oops mode: Zero based, Oop shift amount: 3

CDS archive(s) mapped at: [0x00000276c5000000-0x00000276c5c90000-0x00000276c5c90000), size 13172736, SharedBaseAddress: 0x00000276c5000000, ArchiveRelocationMode: 1.
Compressed class space mapped at: 0x00000276c6000000-0x0000027706000000, reserved size: 1073741824
Narrow klass base: 0x00000276c5000000, Narrow klass shift: 0, Narrow klass range: 0x100000000

GC Precious Log:
 CardTable entry size: 512
 Card Set container configuration: InlinePtr #cards 4 size 8 Array Of Cards #cards 16 size 48 Howl #buckets 8 coarsen threshold 3686 Howl Bitmap #cards 512 size 80 coarsen threshold 460 Card regions per heap region 1 cards per card region 4096
 CPUs: 16 total, 16 available
 Memory: 16043M
 Large Page Support: Disabled
 NUMA Support: Disabled
 Compressed Oops: Enabled (Zero based)
 Heap Region Size: 2M
 Heap Min Capacity: 8M
 Heap Initial Capacity: 252M
 Heap Max Capacity: 4012M
 Pre-touch: Disabled
 Parallel Workers: 13
 Concurrent Workers: 3
 Concurrent Refinement Workers: 13
 Periodic GC: Disabled

Heap:
 garbage-first heap   total 137216K, used 50656K [0x0000000705400000, 0x0000000800000000)
  region size 2048K, 3 young (6144K), 3 survivors (6144K)
 Metaspace       used 93274K, committed 94464K, reserved 1179648K
  class space    used 12996K, committed 13504K, reserved 1048576K

Heap Regions: E=young(eden), S=young(survivor), O=old, HS=humongous(starts), HC=humongous(continues), CS=collection set, F=free, TAMS=top-at-mark-start, PB=parsable bottom
|   0|0x0000000705400000, 0x0000000705600000, 0x0000000705600000|100%| O|  |TAMS 0x0000000705400000| PB 0x0000000705400000| Untracked 
|   1|0x0000000705600000, 0x00000007057ffff8, 0x0000000705800000| 99%| O|  |TAMS 0x0000000705600000| PB 0x0000000705600000| Untracked 
|   2|0x0000000705800000, 0x00000007059ffbe8, 0x0000000705a00000| 99%| O|  |TAMS 0x0000000705800000| PB 0x0000000705800000| Untracked 
|   3|0x0000000705a00000, 0x0000000705bffff8, 0x0000000705c00000| 99%| O|  |TAMS 0x0000000705a00000| PB 0x0000000705a00000| Untracked 
|   4|0x0000000705c00000, 0x0000000705dfffe8, 0x0000000705e00000| 99%| O|  |TAMS 0x0000000705c00000| PB 0x0000000705c00000| Untracked 
|   5|0x0000000705e00000, 0x0000000705ffff28, 0x0000000706000000| 99%| O|  |TAMS 0x0000000705e00000| PB 0x0000000705e00000| Untracked 
|   6|0x0000000706000000, 0x0000000706200000, 0x0000000706200000|100%| O|  |TAMS 0x0000000706000000| PB 0x0000000706000000| Untracked 
|   7|0x0000000706200000, 0x0000000706400000, 0x0000000706400000|100%| O|  |TAMS 0x0000000706200000| PB 0x0000000706200000| Untracked 
|   8|0x0000000706400000, 0x00000007065ffff8, 0x0000000706600000| 99%| O|  |TAMS 0x0000000706400000| PB 0x0000000706400000| Untracked 
|   9|0x0000000706600000, 0x0000000706800000, 0x0000000706800000|100%| O|  |TAMS 0x0000000706600000| PB 0x0000000706600000| Untracked 
|  10|0x0000000706800000, 0x00000007069fffb8, 0x0000000706a00000| 99%| O|  |TAMS 0x0000000706800000| PB 0x0000000706800000| Untracked 
|  11|0x0000000706a00000, 0x0000000706bfffe8, 0x0000000706c00000| 99%| O|  |TAMS 0x0000000706a00000| PB 0x0000000706a00000| Untracked 
|  12|0x0000000706c00000, 0x0000000706d4f538, 0x0000000706e00000| 65%| O|Cm|TAMS 0x0000000706c00000| PB 0x0000000706c00000| Complete 
|  13|0x0000000706e00000, 0x0000000706f77420, 0x0000000707000000| 73%| O|Cm|TAMS 0x0000000706e00000| PB 0x0000000706e00000| Complete 
|  14|0x0000000707000000, 0x0000000707000000, 0x0000000707200000|  0%| F|  |TAMS 0x0000000707000000| PB 0x0000000707000000| Untracked 
|  15|0x0000000707200000, 0x00000007073ee568, 0x0000000707400000| 96%| O|  |TAMS 0x0000000707200000| PB 0x0000000707200000| Untracked 
|  16|0x0000000707400000, 0x00000007074ca0d0, 0x0000000707600000| 39%| O|  |TAMS 0x0000000707400000| PB 0x0000000707400000| Untracked 
|  17|0x0000000707600000, 0x00000007076d4020, 0x0000000707800000| 41%| O|  |TAMS 0x0000000707600000| PB 0x0000000707600000| Untracked 
|  18|0x0000000707800000, 0x00000007078e3688, 0x0000000707a00000| 44%| O|  |TAMS 0x0000000707800000| PB 0x0000000707800000| Untracked 
|  19|0x0000000707a00000, 0x0000000707c00000, 0x0000000707c00000|100%| O|  |TAMS 0x0000000707a00000| PB 0x0000000707a00000| Untracked 
|  20|0x0000000707c00000, 0x0000000707e00000, 0x0000000707e00000|100%| O|  |TAMS 0x0000000707c00000| PB 0x0000000707c00000| Untracked 
|  21|0x0000000707e00000, 0x0000000708000000, 0x0000000708000000|100%| O|  |TAMS 0x0000000707e00000| PB 0x0000000707e00000| Untracked 
|  22|0x0000000708000000, 0x0000000708200000, 0x0000000708200000|100%| O|  |TAMS 0x0000000708000000| PB 0x0000000708000000| Untracked 
|  23|0x0000000708200000, 0x0000000708200000, 0x0000000708400000|  0%| F|  |TAMS 0x0000000708200000| PB 0x0000000708200000| Untracked 
|  24|0x0000000708400000, 0x0000000708400000, 0x0000000708600000|  0%| F|  |TAMS 0x0000000708400000| PB 0x0000000708400000| Untracked 
|  25|0x0000000708600000, 0x0000000708600000, 0x0000000708800000|  0%| F|  |TAMS 0x0000000708600000| PB 0x0000000708600000| Untracked 
|  26|0x0000000708800000, 0x0000000708a00000, 0x0000000708a00000|100%| O|  |TAMS 0x0000000708800000| PB 0x0000000708800000| Untracked 
|  27|0x0000000708a00000, 0x0000000708a813d0, 0x0000000708c00000| 25%| O|  |TAMS 0x0000000708a00000| PB 0x0000000708a00000| Untracked 
|  28|0x0000000708c00000, 0x0000000708dc0e80, 0x0000000708e00000| 87%| S|CS|TAMS 0x0000000708c00000| PB 0x0000000708c00000| Complete 
|  29|0x0000000708e00000, 0x0000000709000000, 0x0000000709000000|100%| S|CS|TAMS 0x0000000708e00000| PB 0x0000000708e00000| Complete 
|  30|0x0000000709000000, 0x0000000709200000, 0x0000000709200000|100%| S|CS|TAMS 0x0000000709000000| PB 0x0000000709000000| Complete 
|  31|0x0000000709200000, 0x0000000709200000, 0x0000000709400000|  0%| F|  |TAMS 0x0000000709200000| PB 0x0000000709200000| Untracked 
|  32|0x0000000709400000, 0x0000000709400000, 0x0000000709600000|  0%| F|  |TAMS 0x0000000709400000| PB 0x0000000709400000| Untracked 
|  33|0x0000000709600000, 0x0000000709600000, 0x0000000709800000|  0%| F|  |TAMS 0x0000000709600000| PB 0x0000000709600000| Untracked 
|  34|0x0000000709800000, 0x0000000709800000, 0x0000000709a00000|  0%| F|  |TAMS 0x0000000709800000| PB 0x0000000709800000| Untracked 
|  35|0x0000000709a00000, 0x0000000709a00000, 0x0000000709c00000|  0%| F|  |TAMS 0x0000000709a00000| PB 0x0000000709a00000| Untracked 
|  36|0x0000000709c00000, 0x0000000709c00000, 0x0000000709e00000|  0%| F|  |TAMS 0x0000000709c00000| PB 0x0000000709c00000| Untracked 
|  37|0x0000000709e00000, 0x0000000709e00000, 0x000000070a000000|  0%| F|  |TAMS 0x0000000709e00000| PB 0x0000000709e00000| Untracked 
|  38|0x000000070a000000, 0x000000070a000000, 0x000000070a200000|  0%| F|  |TAMS 0x000000070a000000| PB 0x000000070a000000| Untracked 
|  39|0x000000070a200000, 0x000000070a200000, 0x000000070a400000|  0%| F|  |TAMS 0x000000070a200000| PB 0x000000070a200000| Untracked 
|  40|0x000000070a400000, 0x000000070a400000, 0x000000070a600000|  0%| F|  |TAMS 0x000000070a400000| PB 0x000000070a400000| Untracked 
|  41|0x000000070a600000, 0x000000070a600000, 0x000000070a800000|  0%| F|  |TAMS 0x000000070a600000| PB 0x000000070a600000| Untracked 
|  42|0x000000070a800000, 0x000000070a800000, 0x000000070aa00000|  0%| F|  |TAMS 0x000000070a800000| PB 0x000000070a800000| Untracked 
|  43|0x000000070aa00000, 0x000000070aa00000, 0x000000070ac00000|  0%| F|  |TAMS 0x000000070aa00000| PB 0x000000070aa00000| Untracked 
|  44|0x000000070ac00000, 0x000000070ac00000, 0x000000070ae00000|  0%| F|  |TAMS 0x000000070ac00000| PB 0x000000070ac00000| Untracked 
|  45|0x000000070ae00000, 0x000000070ae00000, 0x000000070b000000|  0%| F|  |TAMS 0x000000070ae00000| PB 0x000000070ae00000| Untracked 
|  46|0x000000070b000000, 0x000000070b000000, 0x000000070b200000|  0%| F|  |TAMS 0x000000070b000000| PB 0x000000070b000000| Untracked 
|  47|0x000000070b200000, 0x000000070b200000, 0x000000070b400000|  0%| F|  |TAMS 0x000000070b200000| PB 0x000000070b200000| Untracked 
|  48|0x000000070b400000, 0x000000070b400000, 0x000000070b600000|  0%| F|  |TAMS 0x000000070b400000| PB 0x000000070b400000| Untracked 
|  49|0x000000070b600000, 0x000000070b600000, 0x000000070b800000|  0%| F|  |TAMS 0x000000070b600000| PB 0x000000070b600000| Untracked 
|  50|0x000000070b800000, 0x000000070b800000, 0x000000070ba00000|  0%| F|  |TAMS 0x000000070b800000| PB 0x000000070b800000| Untracked 
|  51|0x000000070ba00000, 0x000000070bc00000, 0x000000070bc00000|100%| O|  |TAMS 0x000000070ba00000| PB 0x000000070ba00000| Untracked 
|  52|0x000000070bc00000, 0x000000070bc00000, 0x000000070be00000|  0%| F|  |TAMS 0x000000070bc00000| PB 0x000000070bc00000| Untracked 
|  53|0x000000070be00000, 0x000000070be00000, 0x000000070c000000|  0%| F|  |TAMS 0x000000070be00000| PB 0x000000070be00000| Untracked 
|  54|0x000000070c000000, 0x000000070c000000, 0x000000070c200000|  0%| F|  |TAMS 0x000000070c000000| PB 0x000000070c000000| Untracked 
|  55|0x000000070c200000, 0x000000070c200000, 0x000000070c400000|  0%| F|  |TAMS 0x000000070c200000| PB 0x000000070c200000| Untracked 
|  56|0x000000070c400000, 0x000000070c400000, 0x000000070c600000|  0%| F|  |TAMS 0x000000070c400000| PB 0x000000070c400000| Untracked 
|  57|0x000000070c600000, 0x000000070c600000, 0x000000070c800000|  0%| F|  |TAMS 0x000000070c600000| PB 0x000000070c600000| Untracked 
|  58|0x000000070c800000, 0x000000070c800000, 0x000000070ca00000|  0%| F|  |TAMS 0x000000070c800000| PB 0x000000070c800000| Untracked 
|  59|0x000000070ca00000, 0x000000070ca00000, 0x000000070cc00000|  0%| F|  |TAMS 0x000000070ca00000| PB 0x000000070ca00000| Untracked 
|  60|0x000000070cc00000, 0x000000070cc00000, 0x000000070ce00000|  0%| F|  |TAMS 0x000000070cc00000| PB 0x000000070cc00000| Untracked 
|  61|0x000000070ce00000, 0x000000070ce00000, 0x000000070d000000|  0%| F|  |TAMS 0x000000070ce00000| PB 0x000000070ce00000| Untracked 
|  62|0x000000070d000000, 0x000000070d000000, 0x000000070d200000|  0%| F|  |TAMS 0x000000070d000000| PB 0x000000070d000000| Untracked 
|  63|0x000000070d200000, 0x000000070d200000, 0x000000070d400000|  0%| F|  |TAMS 0x000000070d200000| PB 0x000000070d200000| Untracked 
|  64|0x000000070d400000, 0x000000070d400000, 0x000000070d600000|  0%| F|  |TAMS 0x000000070d400000| PB 0x000000070d400000| Untracked 
|  65|0x000000070d600000, 0x000000070d600000, 0x000000070d800000|  0%| F|  |TAMS 0x000000070d600000| PB 0x000000070d600000| Untracked 
|  66|0x000000070d800000, 0x000000070d800000, 0x000000070da00000|  0%| F|  |TAMS 0x000000070d800000| PB 0x000000070d800000| Untracked 

Card table byte_map: [0x00000276bcfb0000,0x00000276bd790000] _byte_map_base: 0x00000276b9786000

Marking Bits: (CMBitMap*) 0x00000276aedf7130
 Bits: [0x00000276bd790000, 0x00000276c1640000)

Polling page: 0x00000276aee40000

Metaspace:

Usage:
  Non-class:     78.40 MB used.
      Class:     12.69 MB used.
       Both:     91.09 MB used.

Virtual space:
  Non-class space:      128.00 MB reserved,      79.06 MB ( 62%) committed,  2 nodes.
      Class space:        1.00 GB reserved,      13.19 MB (  1%) committed,  1 nodes.
             Both:        1.12 GB reserved,      92.25 MB (  8%) committed. 

Chunk freelists:
   Non-Class:  1.02 MB
       Class:  2.77 MB
        Both:  3.79 MB

MaxMetaspaceSize: unlimited
CompressedClassSpaceSize: 1.00 GB
Initial GC threshold: 21.00 MB
Current GC threshold: 153.75 MB
CDS: on
 - commit_granule_bytes: 65536.
 - commit_granule_words: 8192.
 - virtual_space_node_default_size: 8388608.
 - enlarge_chunks_in_place: 1.
 - use_allocation_guard: 0.


Internal statistics:

num_allocs_failed_limit: 9.
num_arena_births: 2946.
num_arena_deaths: 1830.
num_vsnodes_births: 3.
num_vsnodes_deaths: 0.
num_space_committed: 1477.
num_space_uncommitted: 1.
num_chunks_returned_to_freelist: 2363.
num_chunks_taken_from_freelist: 7592.
num_chunk_merges: 396.
num_chunk_splits: 4175.
num_chunks_enlarged: 2901.
num_inconsistent_stats: 0.

CodeCache: size=49152Kb used=16982Kb max_used=27637Kb free=32169Kb
 bounds [0x00000276b8b10000, 0x00000276ba680000, 0x00000276bbb10000]
 total_blobs=9904 nmethods=9110 adapters=717
 compilation: enabled
              stopped_count=0, restarted_count=0
 full_count=0

Compilation events (20 events):
Event: 3771.890 Thread 0x000002770a03e950 60854       1       jakarta.servlet.http.HttpServletResponseWrapper::setStatus (11 bytes)
Event: 3771.890 Thread 0x000002770a03e950 nmethod 60854 0x00000276b9b50810 code [0x00000276b9b509c0, 0x00000276b9b50b10]
Event: 3771.891 Thread 0x000002770a03e950 60855       1       org.apache.catalina.loader.WebappClassLoaderBase::checkStateForResourceLoading (50 bytes)
Event: 3771.891 Thread 0x000002770a03e950 nmethod 60855 0x00000276b9b50090 code [0x00000276b9b50260, 0x00000276b9b50618]
Event: 3771.892 Thread 0x000002770a03e950 60856   !   1       org.springframework.orm.jpa.ExtendedEntityManagerCreator$ExtendedEntityManagerInvocationHandler::invoke (492 bytes)
Event: 3771.893 Thread 0x000002770a03c740 60857       1       org.springframework.security.authentication.AbstractAuthenticationToken::isAuthenticated (5 bytes)
Event: 3771.893 Thread 0x000002770a03c740 nmethod 60857 0x00000276b9b4fd90 code [0x00000276b9b4ff20, 0x00000276b9b4fff0]
Event: 3771.893 Thread 0x000002770a03c740 60858       1       org.apache.coyote.http11.Http11InputBuffer$HeaderParseData::recycle (26 bytes)
Event: 3771.893 Thread 0x000002770a03c740 nmethod 60858 0x00000276b9b4fa90 code [0x00000276b9b4fc20, 0x00000276b9b4fd30]
Event: 3771.893 Thread 0x000002770a03c740 60859       1       sun.nio.ch.SelectionKeyImpl::translateInterestOps (14 bytes)
Event: 3771.893 Thread 0x000002770a03c740 nmethod 60859 0x00000276b9b4f710 code [0x00000276b9b4f8c0, 0x00000276b9b4f9c0]
Event: 3771.893 Thread 0x000002770a03e950 nmethod 60856 0x00000276b9b4de90 code [0x00000276b9b4e220, 0x00000276b9b4f070]
Event: 3780.942 Thread 0x000002770a03f020 60860       1       java.lang.invoke.LambdaForm$MH/0x00000276c615f000::linkToTargetMethod (10 bytes)
Event: 3780.942 Thread 0x00000276c479d9c0 60861       1       java.lang.invoke.LambdaForm$MH/0x00000276c615ec00::invoke (101 bytes)
Event: 3780.943 Thread 0x000002770a03f020 nmethod 60860 0x00000276b8ec8a10 code [0x00000276b8ec8bc0, 0x00000276b8ec8cf0]
Event: 3780.943 Thread 0x00000276c479d9c0 nmethod 60861 0x00000276b8d7c190 code [0x00000276b8d7c3a0, 0x00000276b8d7c710]
Event: 3782.111 Thread 0x00000276c479d9c0 60862   !   1       java.net.Socket::close (50 bytes)
Event: 3782.112 Thread 0x00000276c479d9c0 nmethod 60862 0x00000276b987f210 code [0x00000276b987f3e0, 0x00000276b987f778]
Event: 3783.942 Thread 0x00000276c479d9c0 60863       1       java.lang.Long::compare (22 bytes)
Event: 3783.943 Thread 0x00000276c479d9c0 nmethod 60863 0x00000276b9669a90 code [0x00000276b9669c40, 0x00000276b9669d70]

GC Heap History (20 events):
Event: 3733.646 GC heap after
{Heap after GC invocations=430 (full 18):
 garbage-first heap   total 192512K, used 45938K [0x0000000705400000, 0x0000000800000000)
  region size 2048K, 2 young (4096K), 2 survivors (4096K)
 Metaspace       used 92765K, committed 93824K, reserved 1179648K
  class space    used 12925K, committed 13376K, reserved 1048576K
}
Event: 3745.477 GC heap before
{Heap before GC invocations=430 (full 18):
 garbage-first heap   total 192512K, used 156530K [0x0000000705400000, 0x0000000800000000)
  region size 2048K, 56 young (114688K), 2 survivors (4096K)
 Metaspace       used 92765K, committed 93824K, reserved 1179648K
  class space    used 12925K, committed 13376K, reserved 1048576K
}
Event: 3745.479 GC heap after
{Heap after GC invocations=431 (full 18):
 garbage-first heap   total 192512K, used 44547K [0x0000000705400000, 0x0000000800000000)
  region size 2048K, 1 young (2048K), 1 survivors (2048K)
 Metaspace       used 92765K, committed 93824K, reserved 1179648K
  class space    used 12925K, committed 13376K, reserved 1048576K
}
Event: 3757.192 GC heap before
{Heap before GC invocations=431 (full 18):
 garbage-first heap   total 192512K, used 157187K [0x0000000705400000, 0x0000000800000000)
  region size 2048K, 56 young (114688K), 1 survivors (2048K)
 Metaspace       used 92765K, committed 93824K, reserved 1179648K
  class space    used 12925K, committed 13376K, reserved 1048576K
}
Event: 3757.194 GC heap after
{Heap after GC invocations=432 (full 18):
 garbage-first heap   total 192512K, used 44946K [0x0000000705400000, 0x0000000800000000)
  region size 2048K, 2 young (4096K), 2 survivors (4096K)
 Metaspace       used 92765K, committed 93824K, reserved 1179648K
  class space    used 12925K, committed 13376K, reserved 1048576K
}
Event: 3763.148 GC heap before
{Heap before GC invocations=433 (full 18):
 garbage-first heap   total 172032K, used 108434K [0x0000000705400000, 0x0000000800000000)
  region size 2048K, 34 young (69632K), 2 survivors (4096K)
 Metaspace       used 92755K, committed 93824K, reserved 1179648K
  class space    used 12924K, committed 13376K, reserved 1048576K
}
Event: 3763.150 GC heap after
{Heap after GC invocations=434 (full 18):
 garbage-first heap   total 172032K, used 46640K [0x0000000705400000, 0x0000000800000000)
  region size 2048K, 2 young (4096K), 2 survivors (4096K)
 Metaspace       used 92755K, committed 93824K, reserved 1179648K
  class space    used 12924K, committed 13376K, reserved 1048576K
}
Event: 3763.335 GC heap before
{Heap before GC invocations=435 (full 18):
 garbage-first heap   total 163840K, used 44592K [0x0000000705400000, 0x0000000800000000)
  region size 2048K, 3 young (6144K), 2 survivors (4096K)
 Metaspace       used 92774K, committed 93824K, reserved 1179648K
  class space    used 12927K, committed 13376K, reserved 1048576K
}
Event: 3763.353 GC heap after
{Heap after GC invocations=436 (full 19):
 garbage-first heap   total 137216K, used 34123K [0x0000000705400000, 0x0000000800000000)
  region size 2048K, 0 young (0K), 0 survivors (0K)
 Metaspace       used 92766K, committed 93824K, reserved 1179648K
  class space    used 12925K, committed 13376K, reserved 1048576K
}
Event: 3763.847 GC heap before
{Heap before GC invocations=436 (full 19):
 garbage-first heap   total 137216K, used 73035K [0x0000000705400000, 0x0000000800000000)
  region size 2048K, 20 young (40960K), 0 survivors (0K)
 Metaspace       used 92918K, committed 93888K, reserved 1179648K
  class space    used 12956K, committed 13376K, reserved 1048576K
}
Event: 3763.849 GC heap after
{Heap after GC invocations=437 (full 19):
 garbage-first heap   total 137216K, used 39121K [0x0000000705400000, 0x0000000800000000)
  region size 2048K, 3 young (6144K), 3 survivors (6144K)
 Metaspace       used 92918K, committed 93888K, reserved 1179648K
  class space    used 12956K, committed 13376K, reserved 1048576K
}
Event: 3766.784 GC heap before
{Heap before GC invocations=438 (full 19):
 garbage-first heap   total 137216K, used 102609K [0x0000000705400000, 0x0000000800000000)
  region size 2048K, 35 young (71680K), 3 survivors (6144K)
 Metaspace       used 93212K, committed 94208K, reserved 1179648K
  class space    used 12988K, committed 13440K, reserved 1048576K
}
Event: 3766.786 GC heap after
{Heap after GC invocations=439 (full 19):
 garbage-first heap   total 137216K, used 43644K [0x0000000705400000, 0x0000000800000000)
  region size 2048K, 5 young (10240K), 5 survivors (10240K)
 Metaspace       used 93212K, committed 94208K, reserved 1179648K
  class space    used 12988K, committed 13440K, reserved 1048576K
}
Event: 3768.161 GC heap before
{Heap before GC invocations=440 (full 19):
 garbage-first heap   total 137216K, used 111228K [0x0000000705400000, 0x0000000800000000)
  region size 2048K, 38 young (77824K), 5 survivors (10240K)
 Metaspace       used 93358K, committed 94400K, reserved 1179648K
  class space    used 13015K, committed 13504K, reserved 1048576K
}
Event: 3768.165 GC heap after
{Heap after GC invocations=441 (full 19):
 garbage-first heap   total 137216K, used 47601K [0x0000000705400000, 0x0000000800000000)
  region size 2048K, 5 young (10240K), 5 survivors (10240K)
 Metaspace       used 93358K, committed 94400K, reserved 1179648K
  class space    used 13015K, committed 13504K, reserved 1048576K
}
Event: 3773.754 GC heap before
{Heap before GC invocations=441 (full 19):
 garbage-first heap   total 137216K, used 109041K [0x0000000705400000, 0x0000000800000000)
  region size 2048K, 36 young (73728K), 5 survivors (10240K)
 Metaspace       used 93364K, committed 94464K, reserved 1179648K
  class space    used 13017K, committed 13504K, reserved 1048576K
}
Event: 3773.758 GC heap after
{Heap after GC invocations=442 (full 19):
 garbage-first heap   total 137216K, used 49864K [0x0000000705400000, 0x0000000800000000)
  region size 2048K, 3 young (6144K), 3 survivors (6144K)
 Metaspace       used 93364K, committed 94464K, reserved 1179648K
  class space    used 13017K, committed 13504K, reserved 1048576K
}
Event: 3780.725 GC heap before
{Heap before GC invocations=442 (full 19):
 garbage-first heap   total 137216K, used 113352K [0x0000000705400000, 0x0000000800000000)
  region size 2048K, 34 young (69632K), 3 survivors (6144K)
 Metaspace       used 93364K, committed 94464K, reserved 1179648K
  class space    used 13017K, committed 13504K, reserved 1048576K
}
Event: 3780.729 GC heap after
{Heap after GC invocations=443 (full 19):
 garbage-first heap   total 137216K, used 47342K [0x0000000705400000, 0x0000000800000000)
  region size 2048K, 2 young (4096K), 2 survivors (4096K)
 Metaspace       used 93364K, committed 94464K, reserved 1179648K
  class space    used 13017K, committed 13504K, reserved 1048576K
}
Event: 3787.448 GC heap before
{Heap before GC invocations=444 (full 19):
 garbage-first heap   total 137216K, used 114926K [0x0000000705400000, 0x0000000800000000)
  region size 2048K, 35 young (71680K), 2 survivors (4096K)
 Metaspace       used 93274K, committed 94464K, reserved 1179648K
  class space    used 12996K, committed 13504K, reserved 1048576K
}

Dll operation events (10 events):
Event: 0.004 Loaded shared library C:\Program Files\jdk-21\bin\java.dll
Event: 0.077 Loaded shared library C:\Program Files\jdk-21\bin\jimage.dll
Event: 0.080 Loaded shared library C:\Program Files\jdk-21\bin\net.dll
Event: 0.081 Loaded shared library C:\Program Files\jdk-21\bin\nio.dll
Event: 0.084 Loaded shared library C:\Program Files\jdk-21\bin\zip.dll
Event: 0.133 Loaded shared library C:\Program Files\jdk-21\bin\management.dll
Event: 0.139 Loaded shared library C:\Program Files\jdk-21\bin\management_ext.dll
Event: 0.269 Loaded shared library C:\Program Files\jdk-21\bin\extnet.dll
Event: 0.839 Loaded shared library C:\Program Files\jdk-21\bin\sunmscapi.dll
Event: 2.091 Loaded shared library C:\Program Files\jdk-21\bin\verify.dll

Deoptimization events (18 events):
Event: 0.200 Thread 0x00000276aed910c0 DEOPT PACKING pc=0x00000276b8f8db5d sp=0x000000a2e7cfd310
Event: 0.200 Thread 0x00000276aed910c0 DEOPT UNPACKING pc=0x00000276b8b688e2 sp=0x000000a2e7cfc7c0 mode 3
Event: 0.203 Thread 0x00000276aed910c0 DEOPT PACKING pc=0x00000276b8fa22e0 sp=0x000000a2e7cfd210
Event: 0.203 Thread 0x00000276aed910c0 DEOPT UNPACKING pc=0x00000276b8b688e2 sp=0x000000a2e7cfc6c8 mode 3
Event: 0.735 Thread 0x000002770a81a5a0 DEOPT PACKING pc=0x00000276b9625e61 sp=0x000000a2e9dfd3b0
Event: 0.735 Thread 0x000002770a81a5a0 DEOPT UNPACKING pc=0x00000276b8b688e2 sp=0x000000a2e9dfc890 mode 3
Event: 1.713 Thread 0x000002770a81a5a0 DEOPT PACKING pc=0x00000276b990d825 sp=0x000000a2e9dfd110
Event: 1.713 Thread 0x000002770a81a5a0 DEOPT UNPACKING pc=0x00000276b8b688e2 sp=0x000000a2e9dfc678 mode 3
Event: 5.793 Thread 0x000002770a81a5a0 DEOPT PACKING pc=0x00000276b93709e1 sp=0x000000a2e9dfd760
Event: 5.793 Thread 0x000002770a81a5a0 DEOPT UNPACKING pc=0x00000276b8b688e2 sp=0x000000a2e9dfcc40 mode 3
Event: 19.004 Thread 0x000002770a214190 DEOPT PACKING pc=0x00000276b95e93de sp=0x000000a2eb9fb4f0
Event: 19.004 Thread 0x000002770a214190 DEOPT UNPACKING pc=0x00000276b8b688e2 sp=0x000000a2eb9fa9f8 mode 3
Event: 22.363 Thread 0x000002770a214190 DEOPT PACKING pc=0x00000276b95833fa sp=0x000000a2eb9fabb0
Event: 22.363 Thread 0x000002770a214190 DEOPT UNPACKING pc=0x00000276b8b688e2 sp=0x000000a2eb9fa0b0 mode 3
Event: 2159.224 Thread 0x000002770a1f8490 DEOPT PACKING pc=0x00000276b938e02a sp=0x000000a2ea4fd290
Event: 2159.224 Thread 0x000002770a1f8490 DEOPT UNPACKING pc=0x00000276b8b688e2 sp=0x000000a2ea4fc7e0 mode 3
Event: 2238.056 Thread 0x000002770a1f5010 DEOPT PACKING pc=0x00000276b91b0303 sp=0x000000a2e8cfd0c0
Event: 2238.056 Thread 0x000002770a1f5010 DEOPT UNPACKING pc=0x00000276b8b688e2 sp=0x000000a2e8cfc558 mode 3

Classes loaded (20 events):
Event: 2157.228 Loading class sun/security/provider/ByteArrayAccess$LE
Event: 2157.228 Loading class sun/security/provider/ByteArrayAccess$LE done
Event: 2157.229 Loading class java/math/MutableBigInteger
Event: 2157.230 Loading class java/math/MutableBigInteger done
Event: 2159.488 Loading class java/time/DurationEditor
Event: 2159.488 Loading class java/time/DurationEditor done
Event: 2402.645 Loading class java/time/DurationEditor
Event: 2402.645 Loading class java/time/DurationEditor done
Event: 2540.097 Loading class sun/security/provider/SecureRandom
Event: 2540.097 Loading class sun/security/provider/SecureRandom done
Event: 2540.099 Loading class sun/security/provider/SecureRandom$SeederHolder
Event: 2540.099 Loading class sun/security/provider/SecureRandom$SeederHolder done
Event: 2696.284 Loading class java/io/FileOutputStream$1
Event: 2696.284 Loading class java/io/FileOutputStream$1 done
Event: 2699.610 Loading class java/time/DurationEditor
Event: 2699.610 Loading class java/time/DurationEditor done
Event: 2955.306 Loading class jdk/internal/loader/BootLoader$PackageHelper
Event: 2955.306 Loading class jdk/internal/loader/BootLoader$PackageHelper done
Event: 3766.847 Loading class java/time/DurationEditor
Event: 3766.847 Loading class java/time/DurationEditor done

Classes unloaded (20 events):
Event: 3780.756 Thread 0x00000276c3b01210 Unloading class 0x00000276c6cd8400 'java/lang/invoke/LambdaForm$MH+0x00000276c6cd8400'
Event: 3780.756 Thread 0x00000276c3b01210 Unloading class 0x00000276c6cd7400 'java/lang/invoke/LambdaForm$MH+0x00000276c6cd7400'
Event: 3780.756 Thread 0x00000276c3b01210 Unloading class 0x00000276c6cd6800 'java/lang/invoke/LambdaForm$MH+0x00000276c6cd6800'
Event: 3780.756 Thread 0x00000276c3b01210 Unloading class 0x00000276c6cd6400 'java/lang/invoke/LambdaForm$MH+0x00000276c6cd6400'
Event: 3780.756 Thread 0x00000276c3b01210 Unloading class 0x00000276c6cd5000 'java/lang/invoke/LambdaForm$MH+0x00000276c6cd5000'
Event: 3780.756 Thread 0x00000276c3b01210 Unloading class 0x00000276c6cd4800 'java/lang/invoke/LambdaForm$MH+0x00000276c6cd4800'
Event: 3780.756 Thread 0x00000276c3b01210 Unloading class 0x00000276c6cd3800 'java/lang/invoke/LambdaForm$MH+0x00000276c6cd3800'
Event: 3780.756 Thread 0x00000276c3b01210 Unloading class 0x00000276c6cd2000 'java/lang/invoke/LambdaForm$MH+0x00000276c6cd2000'
Event: 3780.756 Thread 0x00000276c3b01210 Unloading class 0x00000276c6cd1400 'java/lang/invoke/LambdaForm$MH+0x00000276c6cd1400'
Event: 3780.756 Thread 0x00000276c3b01210 Unloading class 0x00000276c6cd0800 'java/lang/invoke/LambdaForm$MH+0x00000276c6cd0800'
Event: 3780.756 Thread 0x00000276c3b01210 Unloading class 0x00000276c6cd0000 'java/lang/invoke/LambdaForm$MH+0x00000276c6cd0000'
Event: 3780.756 Thread 0x00000276c3b01210 Unloading class 0x00000276c6ccf800 'java/lang/invoke/LambdaForm$MH+0x00000276c6ccf800'
Event: 3780.756 Thread 0x00000276c3b01210 Unloading class 0x00000276c6cce400 'java/lang/invoke/LambdaForm$MH+0x00000276c6cce400'
Event: 3780.756 Thread 0x00000276c3b01210 Unloading class 0x00000276c6cce000 'java/lang/invoke/LambdaForm$MH+0x00000276c6cce000'
Event: 3780.756 Thread 0x00000276c3b01210 Unloading class 0x00000276c6c5d000 'java/lang/invoke/LambdaForm$MH+0x00000276c6c5d000'
Event: 3780.756 Thread 0x00000276c3b01210 Unloading class 0x00000276c6335000 'java/lang/invoke/LambdaForm$MH+0x00000276c6335000'
Event: 3780.756 Thread 0x00000276c3b01210 Unloading class 0x00000276c6c5cc00 'java/lang/invoke/LambdaForm$MH+0x00000276c6c5cc00'
Event: 3780.756 Thread 0x00000276c3b01210 Unloading class 0x00000276c6c61000 'java/lang/invoke/LambdaForm$MH+0x00000276c6c61000'
Event: 3780.756 Thread 0x00000276c3b01210 Unloading class 0x00000276c6cc4800 'java/lang/invoke/LambdaForm$MH+0x00000276c6cc4800'
Event: 3780.756 Thread 0x00000276c3b01210 Unloading class 0x00000276c6cc7c00 'java/lang/invoke/LambdaForm$MH+0x00000276c6cc7c00'

Classes redefined (0 events):
No events

Internal exceptions (20 events):
Event: 2957.635 Thread 0x0000027712d6c470 Exception <a 'java/lang/NoClassDefFoundError'{0x000000070a5d8430}: org/quartz/Scheduler> (0x000000070a5d8430) 
thrown [s\open\src\hotspot\share\oops\constantPool.cpp, line 871]
Event: 2957.635 Thread 0x0000027712d6c470 Exception <a 'java/lang/NoClassDefFoundError'{0x000000070a5d8ab0}: org/springframework/session/jdbc/JdbcIndexedSessionRepository> (0x000000070a5d8ab0) 
thrown [s\open\src\hotspot\share\oops\constantPool.cpp, line 871]
Event: 2957.637 Thread 0x0000027712d6c470 Exception <a 'java/lang/NoClassDefFoundError'{0x000000070a2312b0}: org/jooq/DSLContext> (0x000000070a2312b0) 
thrown [s\open\src\hotspot\share\oops\constantPool.cpp, line 871]
Event: 2957.679 Thread 0x0000027712d6c470 Exception <a 'java/io/FileNotFoundException'{0x0000000709841a08}> (0x0000000709841a08) 
thrown [s\open\src\hotspot\share\prims\jni.cpp, line 520]
Event: 3260.554 Thread 0x0000027712bd28c0 Exception <a 'java/lang/NoSuchMethodError'{0x000000070fa0b110}: static [B.<clinit>()V> (0x000000070fa0b110) 
thrown [s\open\src\hotspot\share\prims\jni.cpp, line 1106]
Event: 3560.562 Thread 0x0000027712bd28c0 Exception <a 'java/lang/NoSuchMethodError'{0x000000070e209758}: static [B.<clinit>()V> (0x000000070e209758) 
thrown [s\open\src\hotspot\share\prims\jni.cpp, line 1106]
Event: 3763.334 Thread 0x000002770d618040 Exception <a 'java/lang/InterruptedException'{0x0000000712b378d0}: sleep interrupted> (0x0000000712b378d0) 
thrown [s\open\src\hotspot\share\prims\jvm.cpp, line 3075]
Event: 3763.373 Thread 0x0000027712b76910 Exception <a 'sun/nio/fs/WindowsException'{0x000000070d92af80}> (0x000000070d92af80) 
thrown [s\open\src\hotspot\share\prims\jni.cpp, line 520]
Event: 3763.762 Thread 0x0000027712b76910 Exception <a 'java/lang/NoSuchMethodError'{0x000000070b9be3b8}: 'void java.lang.invoke.DelegatingMethodHandle$Holder.reinvoke_L(java.lang.Object, java.lang.Object, int)'> (0x000000070b9be3b8) 
thrown [s\open\src\hotspot\share\interpreter\linkResolver.cpp, line 773]
Event: 3763.788 Thread 0x0000027712b76910 Exception <a 'java/lang/NoClassDefFoundError'{0x000000070b764ed8}: org/flywaydb/core/Flyway> (0x000000070b764ed8) 
thrown [s\open\src\hotspot\share\oops\constantPool.cpp, line 871]
Event: 3763.788 Thread 0x0000027712b76910 Exception <a 'java/lang/NoClassDefFoundError'{0x000000070b765538}: liquibase/integration/spring/SpringLiquibase> (0x000000070b765538) 
thrown [s\open\src\hotspot\share\oops\constantPool.cpp, line 871]
Event: 3763.789 Thread 0x0000027712b76910 Exception <a 'java/lang/NoClassDefFoundError'{0x000000070b789320}: org/springframework/batch/core/repository/JobRepository> (0x000000070b789320) 
thrown [s\open\src\hotspot\share\oops\constantPool.cpp, line 871]
Event: 3763.789 Thread 0x0000027712b76910 Exception <a 'java/lang/NoClassDefFoundError'{0x000000070b789978}: org/quartz/Scheduler> (0x000000070b789978) 
thrown [s\open\src\hotspot\share\oops\constantPool.cpp, line 871]
Event: 3763.789 Thread 0x0000027712b76910 Exception <a 'java/lang/NoClassDefFoundError'{0x000000070b789ff8}: org/springframework/session/jdbc/JdbcIndexedSessionRepository> (0x000000070b789ff8) 
thrown [s\open\src\hotspot\share\oops\constantPool.cpp, line 871]
Event: 3763.792 Thread 0x0000027712b76910 Exception <a 'java/lang/NoClassDefFoundError'{0x000000070b7f5280}: org/jooq/DSLContext> (0x000000070b7f5280) 
thrown [s\open\src\hotspot\share\oops\constantPool.cpp, line 871]
Event: 3763.900 Thread 0x0000027712b76910 Exception <a 'java/lang/NoSuchMethodError'{0x000000070d3e65a8}: 'int java.lang.invoke.DirectMethodHandle$Holder.invokeVirtual(java.lang.Object, java.lang.Object, java.lang.Object, java.lang.Object)'> (0x000000070d3e65a8) 
thrown [s\open\src\hotspot\share\interpreter\linkResolver.cpp, line 773]
Event: 3763.900 Thread 0x0000027712b76910 Exception <a 'java/lang/NoSuchMethodError'{0x000000070d3e9b70}: 'int java.lang.invoke.DelegatingMethodHandle$Holder.reinvoke_L(java.lang.Object, java.lang.Object, java.lang.Object, java.lang.Object)'> (0x000000070d3e9b70) 
thrown [s\open\src\hotspot\share\interpreter\linkResolver.cpp, line 773]
Event: 3763.906 Thread 0x0000027712b76910 Exception <a 'java/io/FileNotFoundException'{0x000000070d03b518}> (0x000000070d03b518) 
thrown [s\open\src\hotspot\share\prims\jni.cpp, line 520]
Event: 3767.115 Thread 0x0000027712ac1080 Exception <a 'java/lang/NoSuchMethodError'{0x000000070a035d10}: static [B.<clinit>()V> (0x000000070a035d10) 
thrown [s\open\src\hotspot\share\prims\jni.cpp, line 1106]
Event: 3767.115 Thread 0x0000027712abfcd0 Exception <a 'java/lang/NoSuchMethodError'{0x000000070a05cd38}: static [B.<clinit>()V> (0x000000070a05cd38) 
thrown [s\open\src\hotspot\share\prims\jni.cpp, line 1106]

ZGC Phase Switch (0 events):
No events

VM Operations (20 events):
Event: 3768.165 Executing VM operation: G1CollectForAllocation (G1 Evacuation Pause) done
Event: 3769.974 Executing VM operation: ICBufferFull
Event: 3769.974 Executing VM operation: ICBufferFull done
Event: 3769.974 Executing VM operation: ICBufferFull
Event: 3769.974 Executing VM operation: ICBufferFull done
Event: 3770.974 Executing VM operation: Cleanup
Event: 3770.974 Executing VM operation: Cleanup done
Event: 3771.975 Executing VM operation: Cleanup
Event: 3771.975 Executing VM operation: Cleanup done
Event: 3773.754 Executing VM operation: G1CollectForAllocation (G1 Evacuation Pause)
Event: 3773.758 Executing VM operation: G1CollectForAllocation (G1 Evacuation Pause) done
Event: 3780.725 Executing VM operation: G1CollectForAllocation (G1 Evacuation Pause)
Event: 3780.729 Executing VM operation: G1CollectForAllocation (G1 Evacuation Pause) done
Event: 3780.755 Executing VM operation: G1PauseRemark
Event: 3780.765 Executing VM operation: G1PauseRemark done
Event: 3780.772 Executing VM operation: G1PauseCleanup
Event: 3780.772 Executing VM operation: G1PauseCleanup done
Event: 3782.773 Executing VM operation: Cleanup
Event: 3782.773 Executing VM operation: Cleanup done
Event: 3787.448 Executing VM operation: G1CollectForAllocation (G1 Evacuation Pause)

Events (20 events):
Event: 3780.765 Thread 0x00000276c3b01210 flushing nmethod 0x00000276b98f6d10
Event: 3780.765 Thread 0x00000276c3b01210 flushing nmethod 0x00000276b987f210
Event: 3780.765 Thread 0x00000276c3b01210 flushing nmethod 0x00000276b986fc90
Event: 3780.765 Thread 0x00000276c3b01210 flushing nmethod 0x00000276b9810e10
Event: 3780.765 Thread 0x00000276c3b01210 flushing nmethod 0x00000276b9669a90
Event: 3780.765 Thread 0x00000276c3b01210 flushing nmethod 0x00000276b9664790
Event: 3780.765 Thread 0x00000276c3b01210 flushing nmethod 0x00000276b91f8590
Event: 3780.765 Thread 0x00000276c3b01210 flushing nmethod 0x00000276b9106610
Event: 3780.765 Thread 0x00000276c3b01210 flushing nmethod 0x00000276b8fde210
Event: 3780.765 Thread 0x00000276c3b01210 flushing nmethod 0x00000276b8fdca90
Event: 3780.765 Thread 0x00000276c3b01210 flushing nmethod 0x00000276b9069310
Event: 3780.765 Thread 0x00000276c3b01210 flushing nmethod 0x00000276b8f6e990
Event: 3780.765 Thread 0x00000276c3b01210 flushing nmethod 0x00000276b8f33590
Event: 3780.765 Thread 0x00000276c3b01210 flushing nmethod 0x00000276b8ed6e90
Event: 3780.765 Thread 0x00000276c3b01210 flushing nmethod 0x00000276b8eb4790
Event: 3780.765 Thread 0x00000276c3b01210 flushing nmethod 0x00000276b8ec8a10
Event: 3780.765 Thread 0x00000276c3b01210 flushing nmethod 0x00000276b8d7c190
Event: 3780.765 Thread 0x00000276c3b01210 flushing nmethod 0x00000276b8d60d90
Event: 3780.942 Thread 0x000002770a03c740 Thread exited: 0x000002770a03c740
Event: 3782.112 Thread 0x000002770a03f020 Thread exited: 0x000002770a03f020


Dynamic libraries:
0x00007ff6e23d0000 - 0x00007ff6e23de000 	C:\Program Files\jdk-21\bin\javaw.exe
0x00007ff92baa0000 - 0x00007ff92bd03000 	C:\WINDOWS\SYSTEM32\ntdll.dll
0x00007ff92a610000 - 0x00007ff92a6d7000 	C:\WINDOWS\System32\KERNEL32.DLL
0x00007ff9294f0000 - 0x00007ff9298b9000 	C:\WINDOWS\System32\KERNELBASE.dll
0x00007ff928e00000 - 0x00007ff928f4c000 	C:\WINDOWS\System32\ucrtbase.dll
0x00007ff8a7540000 - 0x00007ff8a7558000 	C:\Program Files\jdk-21\bin\jli.dll
0x00007ff8f9250000 - 0x00007ff8f926b000 	C:\Program Files\jdk-21\bin\VCRUNTIME140.dll
0x00007ff92a210000 - 0x00007ff92a3da000 	C:\WINDOWS\System32\USER32.dll
0x00007ff928dd0000 - 0x00007ff928df7000 	C:\WINDOWS\System32\win32u.dll
0x00007ff906d00000 - 0x00007ff906f90000 	C:\WINDOWS\WinSxS\amd64_microsoft.windows.common-controls_6595b64144ccf1df_6.0.26100.3323_none_3e088096e3344490\COMCTL32.dll
0x00007ff92b7c0000 - 0x00007ff92b7ea000 	C:\WINDOWS\System32\GDI32.dll
0x00007ff92b7f0000 - 0x00007ff92b899000 	C:\WINDOWS\System32\msvcrt.dll
0x00007ff9290c0000 - 0x00007ff9291f1000 	C:\WINDOWS\System32\gdi32full.dll
0x00007ff928f50000 - 0x00007ff928ff3000 	C:\WINDOWS\System32\msvcp_win.dll
0x00007ff92a5a0000 - 0x00007ff92a5cf000 	C:\WINDOWS\System32\IMM32.DLL
0x00007ff902f90000 - 0x00007ff902f9c000 	C:\Program Files\jdk-21\bin\vcruntime140_1.dll
0x00007ff8f91c0000 - 0x00007ff8f924e000 	C:\Program Files\jdk-21\bin\msvcp140.dll
0x00007ff8a39a0000 - 0x00007ff8a46b3000 	C:\Program Files\jdk-21\bin\server\jvm.dll
0x00007ff92a890000 - 0x00007ff92a942000 	C:\WINDOWS\System32\ADVAPI32.dll
0x00007ff92aa00000 - 0x00007ff92aaa6000 	C:\WINDOWS\System32\sechost.dll
0x00007ff92ac90000 - 0x00007ff92ada6000 	C:\WINDOWS\System32\RPCRT4.dll
0x00007ff92b930000 - 0x00007ff92b9a4000 	C:\WINDOWS\System32\WS2_32.dll
0x00007ff9281a0000 - 0x00007ff9281ee000 	C:\WINDOWS\SYSTEM32\POWRPROF.dll
0x00007ff922950000 - 0x00007ff92295b000 	C:\WINDOWS\SYSTEM32\VERSION.dll
0x00007ff9172e0000 - 0x00007ff917316000 	C:\WINDOWS\SYSTEM32\WINMM.dll
0x00007ff928180000 - 0x00007ff928194000 	C:\WINDOWS\SYSTEM32\UMPDC.dll
0x00007ff927ac0000 - 0x00007ff927ada000 	C:\WINDOWS\SYSTEM32\kernel.appcore.dll
0x00007ff91de90000 - 0x00007ff91de9a000 	C:\Program Files\jdk-21\bin\jimage.dll
0x00007ff915c10000 - 0x00007ff915e51000 	C:\WINDOWS\SYSTEM32\DBGHELP.DLL
0x00007ff92b250000 - 0x00007ff92b5d2000 	C:\WINDOWS\System32\combase.dll
0x00007ff92b6e0000 - 0x00007ff92b7b6000 	C:\WINDOWS\System32\OLEAUT32.dll
0x00007ff914a90000 - 0x00007ff914ac9000 	C:\WINDOWS\SYSTEM32\dbgcore.DLL
0x00007ff928ca0000 - 0x00007ff928d39000 	C:\WINDOWS\System32\bcryptPrimitives.dll
0x00007ff8a7520000 - 0x00007ff8a753f000 	C:\Program Files\jdk-21\bin\java.dll
0x00007ff929af0000 - 0x00007ff92a205000 	C:\WINDOWS\System32\SHELL32.dll
0x00007ff929380000 - 0x00007ff9294e8000 	C:\WINDOWS\System32\wintypes.dll
0x00007ff9269c0000 - 0x00007ff927205000 	C:\WINDOWS\SYSTEM32\windows.storage.dll
0x00007ff92a3e0000 - 0x00007ff92a4cb000 	C:\WINDOWS\System32\SHCORE.dll
0x00007ff9298c0000 - 0x00007ff92991d000 	C:\WINDOWS\System32\shlwapi.dll
0x00007ff928bb0000 - 0x00007ff928bdf000 	C:\WINDOWS\SYSTEM32\profapi.dll
0x00007ff904730000 - 0x00007ff904740000 	C:\Program Files\jdk-21\bin\net.dll
0x00007ff922b30000 - 0x00007ff922c4e000 	C:\WINDOWS\SYSTEM32\WINHTTP.dll
0x00007ff928050000 - 0x00007ff9280ba000 	C:\WINDOWS\system32\mswsock.dll
0x00007ff8a74e0000 - 0x00007ff8a74f6000 	C:\Program Files\jdk-21\bin\nio.dll
0x00007ff8a7500000 - 0x00007ff8a7518000 	C:\Program Files\jdk-21\bin\zip.dll
0x00007ff902660000 - 0x00007ff90266a000 	C:\Program Files\jdk-21\bin\management.dll
0x00007ff900b30000 - 0x00007ff900b3b000 	C:\Program Files\jdk-21\bin\management_ext.dll
0x00007ff92a600000 - 0x00007ff92a608000 	C:\WINDOWS\System32\PSAPI.DLL
0x00007ff913c60000 - 0x00007ff913c78000 	C:\WINDOWS\system32\napinsp.dll
0x00007ff927540000 - 0x00007ff927665000 	C:\WINDOWS\SYSTEM32\DNSAPI.dll
0x00007ff927500000 - 0x00007ff927533000 	C:\WINDOWS\SYSTEM32\IPHLPAPI.DLL
0x00007ff929980000 - 0x00007ff92998a000 	C:\WINDOWS\System32\NSI.dll
0x00007ff913c00000 - 0x00007ff913c12000 	C:\WINDOWS\System32\winrnr.dll
0x00007ff913b60000 - 0x00007ff913b82000 	C:\WINDOWS\system32\nlansp_c.dll
0x00007ff913400000 - 0x00007ff913416000 	C:\WINDOWS\system32\wshbth.dll
0x00007ff91ef70000 - 0x00007ff91ef7b000 	C:\Windows\System32\rasadhlp.dll
0x00007ff922190000 - 0x00007ff922215000 	C:\WINDOWS\System32\fwpuclnt.dll
0x00007ff928390000 - 0x00007ff9283ac000 	C:\WINDOWS\SYSTEM32\CRYPTSP.dll
0x00007ff927a20000 - 0x00007ff927a5a000 	C:\WINDOWS\system32\rsaenh.dll
0x00007ff928110000 - 0x00007ff92813b000 	C:\WINDOWS\SYSTEM32\USERENV.dll
0x00007ff9285d0000 - 0x00007ff9285f6000 	C:\WINDOWS\SYSTEM32\bcrypt.dll
0x00007ff9283b0000 - 0x00007ff9283bc000 	C:\WINDOWS\SYSTEM32\CRYPTBASE.dll
0x00007ff9030b0000 - 0x00007ff9030b7000 	C:\Program Files\jdk-21\bin\extnet.dll
0x00007ff903850000 - 0x00007ff90385e000 	C:\Program Files\jdk-21\bin\sunmscapi.dll
0x00007ff929200000 - 0x00007ff929377000 	C:\WINDOWS\System32\CRYPT32.dll
0x00007ff928590000 - 0x00007ff9285c0000 	C:\WINDOWS\SYSTEM32\ncrypt.dll
0x00007ff928540000 - 0x00007ff92857f000 	C:\WINDOWS\SYSTEM32\NTASN1.dll
0x00007ff904280000 - 0x00007ff904290000 	C:\Program Files\jdk-21\bin\verify.dll
0x00007ff9149c0000 - 0x00007ff9149c8000 	C:\WINDOWS\system32\wshunix.dll

dbghelp: loaded successfully - version: 4.0.5 - missing functions: none
symbol engine: initialized successfully - sym options: 0x614 - pdb path: .;C:\Program Files\jdk-21\bin;C:\WINDOWS\SYSTEM32;C:\WINDOWS\WinSxS\amd64_microsoft.windows.common-controls_6595b64144ccf1df_6.0.26100.3323_none_3e088096e3344490;C:\Program Files\jdk-21\bin\server

VM Arguments:
jvm_args: -Dcom.sun.management.jmxremote -Dcom.sun.management.jmxremote.port=57842 -Dcom.sun.management.jmxremote.authenticate=false -Dcom.sun.management.jmxremote.ssl=false -Djava.rmi.server.hostname=localhost -Dspring.jmx.enabled=true -Dmanagement.endpoints.jmx.exposure.include=* -Dspring.application.admin.enabled=true -Dspring.output.ansi.enabled=always -XX:TieredStopAtLevel=1 -Dspring.boot.project.name=cmtProject -Dfile.encoding=UTF-8 -Dstdout.encoding=UTF-8 -Dstderr.encoding=UTF-8 -XX:+ShowCodeDetailsInExceptionMessages 
java_command: com.example.cmtProject.CmtProjectApplication
java_class_path (initial): C:\Users\ITWILL\git\cmtProject\bin\main;C:\Users\ITWILL\.gradle\caches\modules-2\files-2.1\org.projectlombok\lombok\1.18.36\5a30490a6e14977d97d9c73c924c1f1b5311ea95\lombok-1.18.36.jar;C:\Users\ITWILL\.gradle\caches\modules-2\files-2.1\org.springframework.boot\spring-boot-starter-data-jpa\3.4.3\29c90fec6e887dc01df09ea4c3548b5a04b7afb4\spring-boot-starter-data-jpa-3.4.3.jar;C:\Users\ITWILL\.gradle\caches\modules-2\files-2.1\org.springframework.boot\spring-boot-starter-security\3.4.3\b474a2f9fdd7e46cfb662b13bb38d9da9e7682d0\spring-boot-starter-security-3.4.3.jar;C:\Users\ITWILL\.gradle\caches\modules-2\files-2.1\org.springframework.boot\spring-boot-starter-thymeleaf\3.4.3\6bbf0643625e924632407b3b659c2a1bbff0bd4e\spring-boot-starter-thymeleaf-3.4.3.jar;C:\Users\ITWILL\.gradle\caches\modules-2\files-2.1\org.springframework.boot\spring-boot-starter-web\3.4.3\87e7a401e7d249fefc7f372f5681e8620234624c\spring-boot-starter-web-3.4.3.jar;C:\Users\ITWILL\.gradle\caches\modules-2\files-2.1\org.thymeleaf.extras\thymeleaf-extras-springsecurity6\3.1.3.RELEASE\f2a9e9505b145d22a52047460c74fb8200f2cb23\thymeleaf-extras-springsecurity6-3.1.3.RELEASE.jar;C:\Users\ITWILL\.gradle\caches\modules-2\files-2.1\org.mybatis.spring.boot\mybatis-spring-boot-starter\3.0.4\2a56c4aa1f81aaef9abb0105f72702a737517d9a\mybatis-spring-boot-starter-3.0.4.jar;C:\Users\ITWILL\.gradle\caches\modules-2\files-2.1\org.springframework.boot\spring-boot-starter-jdbc\3.4.3\87c09bd67ea27fcd30d6413fdbc5bfa1f688e5e8\spring-boot-starter-jdbc-3.4.3.jar;C:\Users\ITWILL\.gradle\caches\modules-2\files-2.1\org.springframework.boot\spring-boot-starter-json\3.4.3\7a4d63165404da67ed3802678994c21a0763723\spring-boot-starter-json-3.4.3.jar;C:\Users\ITWILL\.gradle\caches\modules-2\files-2.1\org.springframework.boot\spring-boot-starter\3.4.3\247fdc05cd6de013c3fd26628fa221dd095b391\spring-boot-starter-3.4.3.jar;C:\Users\ITWILL\.gradle\caches\modules-2\files-2.1\org.hibernate.orm\hibernate-core\6.6.8.Final\2738c642d5e505249faa2f923e03541aa6b96916\hibernate-core-6.6.8.Final.jar;C:\Users\ITWILL\.gradle\caches\modules-2\files-2.1\org.springframework.data\spring-data-jpa\3.4.3\7e4c0e9c14f4d971a9de6aff3c9beece2001480b\spring-data-jpa-3.4.3.jar;C:\Users\ITWILL\.gradle\caches\modules-2\files-2.1\org.springframework\spring-aspects\6.2.3\f90a794dd3f81a1addc0552bc091e3f85b2428de\spring-aspects-6.2.3.jar;C:\Users\ITWILL\.gradle\caches\modules-2\files-2.1\org.springframework.security\spring-security-config\6.4.3\52d7cedfde4f9a4e78f27b754e8be89ec25e871\spring-security-config-6.4.3.jar;C:\Users\ITWILL\.gradle\caches\modules-2\files-2.1\org.springframework.security\spring-security-web\6.4.3\7e0887e8fccda083d8bb4abb58997909480ea4a0\spring-security-web-6.4.3.jar;C:\Users\ITWILL\.gradle\caches\modules-2\files-2.1\org.springframework\spring-webmvc\6.2.3\485f6e351bba471fc8f841f39eaf6488896369ff\spring-webmvc-6.2.3.jar;C:\Users\ITWILL\.gradle\caches\modules-2\files-2.1\org.mybatis.spring.boot\mybatis-spring-boot-autoconfigure\3.0.4\27c887cbd92c780e7d8baaf30d9dc5b5d5f0c03\mybatis-spring-boot-autoconfigure-3.0.4.jar;C:\Users\ITWILL\.gradle\caches\modules-2\files-2.1\org.springframework.boot\spring-boot-autoconfigure\3.4.3\6172c599082196b340910d67c5c790c32f10e417\spring-boot-autoconfigure-3.4.3.jar;C:\Users\ITWILL\.gradle\caches\modules-2\files-2.1\org.springframework.boot\spring-boot\3.4.3\a7138bcecd59ed27660b3894a7812d65db4951e6\spring-boot-3.4.3.jar;C:\Users\ITWILL\.gradle\caches\modules-2\files-2.1\org.springframework.security\spring-security-core\6.4.3\3023090cb32ecfe266726edc498ae8cb112f4e7f\spring-security-core-6.4.3.jar;C:\Users\ITWILL\.gradle\caches\modules-2\files-2.1\org.springframework\spring-context\6.2.3\35acadc000b8aaff77e3412dd9acb51aa70c8515\spring-context-6.2.3.jar;C:\Users\ITWILL\.gradle\caches\modules-2\files-2.1\org.springframework\spring-aop\6.2.3\7983418fa64505d144b60826fb1352ad336c60a0\spring-aop-6.2.3.jar;C:\Users\ITWILL\.gradle\caches\modules-2\files-2.1\org.thymeleaf\thymeleaf-spring6\3.1.3.RELEASE\4b276ea2bd536a18e44b40ff1d9f4848965ff59c\thymeleaf-spring6-3.1.3.RELEASE.jar;C:\Users\ITWILL\.gradle\caches\modules-2\files-2.1\org.springframework.boot\spring-boot-starter-tomcat\3.4.3\40246b02bf8bf905dd5fb3d57f48bfc2c9b49bb9\spring-boot-starter-tomcat-3.4.3.jar;C:\Users\ITWILL\.gradle\caches\modules-2\files-2.1\org.springframework\spring-web\6.2.3\662ac5ee41af27d183f97032b2fec2b652d379f5\spring-web-6.2.3.jar;C:\Users\ITWILL\.gradle\caches\modules-2\files-2.1\com.zaxxer\HikariCP\5.1.0\8c96e36c14461fc436bb02b264b96ef3ca5dca8c\HikariCP-5.1.0.jar;C:\Users\ITWILL\.gradle\caches\modules-2\files-2.1\org.springframework.data\spring-data-commons\3.4.3\2b61ff4aef4a81071ce7eaf1ec29ef9e553bf930\spring-data-commons-3.4.3.jar;C:\Users\ITWILL\.gradle\caches\modules-2\files-2.1\org.thymeleaf\thymeleaf\3.1.3.RELEASE\51474f2a90b282ee97dabcd159c7faf24790f373\thymeleaf-3.1.3.RELEASE.jar;C:\Users\ITWILL\.gradle\caches\modules-2\files-2.1\org.springframework.boot\spring-boot-starter-logging\3.4.3\e5aee6af32c2dbcc9fb379bcd6c5e5b931db93f1\spring-boot-starter-logging-3.4.3.jar;C:\Users\ITWILL\.gradle\caches\modules-2\files-2.1\ch.qos.logback\logback-classic\1.5.16\113979db51dfad6dc895b34460d7b7ff64ffe7d2\logback-classic-1.5.16.jar;C:\Users\ITWILL\.gradle\caches\modules-2\files-2.1\org.apache.logging.log4j\log4j-to-slf4j\2.24.3\da1143e2a2531ee1c2d90baa98eb50a28a39d5a7\log4j-to-slf4j-2.24.3.jar;C:\Users\ITWILL\.gradle\caches\modules-2\files-2.1\org.slf4j\jul-to-slf4j\2.0.16\6d57da3e961daac65bcca0dd3def6cd11e48a24a\jul-to-slf4j-2.0.16.jar;C:\Users\ITWILL\.gradle\caches\modules-2\files-2.1\org.slf4j\slf4j-api\2.0.16\172931663a09a1fa515567af5fbef00897d3c04\slf4j-api-2.0.16.jar;C:\Users\ITWILL\.gradle\caches\modules-2\files-2.1\org.mybatis\mybatis\3.5.17\b210805d7d67ab8c564efebbeae5ed648c5bc925\mybatis-3.5.17.jar;C:\Users\ITWILL\.gradle\caches\modules-2\files-2.1\org.mybatis\mybatis-spring\3.0.4\8a1250161c6b5c15103c1f51d6a1ad8307af4418\mybatis-spring-3.0.4.jar;C:\Users\ITWILL\.gradle\caches\modules-2\files-2.1\jakarta.annotation\jakarta.annotation-api\2.1.1\48b9bda22b091b1f48b13af03fe36db3be6e1ae3\jakarta.annotation-api-2.1.1.jar;C:\Users\ITWILL\.gradle\caches\modules-2\files-2.1\org.springframework\spring-orm\6.2.3\b99b9917702591c2ef0cfa7a9bff6bf757015437\spring-orm-6.2.3.jar;C:\Users\ITWILL\.gradle\caches\modules-2\files-2.1\org.springframework\spring-jdbc\6.2.3\37a5f7fd424fe555a556138c8ac4f8d6dd312c19\spring-jdbc-6.2.3.jar;C:\Users\ITWILL\.gradle\caches\modules-2\files-2.1\org.springframework\spring-tx\6.2.3\29c8703a756f9a41bc8e14e2aae7890658c54abf\spring-tx-6.2.3.jar;C:\Users\ITWILL\.gradle\caches\modules-2\files-2.1\org.springframework\spring-beans\6.2.3\de660324c90e9b015886d85c746860478fa7d99c\spring-beans-6.2.3.jar;C:\Users\ITWILL\.gradle\caches\modules-2\files-2.1\org.springframework\spring-expression\6.2.3\bda43c7be1bb69cce2a380c2bbaf05062631d42d\spring-expression-6.2.3.jar;C:\Users\ITWILL\.gradle\caches\modules-2\files-2.1\org.springframework\spring-core\6.2.3\13ec11e345b915d7ceea37446f1b1eefdcaad62c\spring-core-6.2.3.jar;C:\Users\ITWILL\.gradle\caches\modules-2\files-2.1\org.yaml\snakeyaml\2.3\936b36210e27320f920536f695cf1af210c44586\snakeyaml-2.3.jar;C:\Users\ITWILL\.gradle\caches\modules-2\files-2.1\jakarta.persistence\jakarta.persistence-api\3.1.0\66901fa1c373c6aff65c13791cc11da72060a8d6\jakarta.persistence-api-3.1.0.jar;C:\Users\ITWILL\.gradle\caches\modules-2\files-2.1\jakarta.transaction\jakarta.transaction-api\2.0.1\51a520e3fae406abb84e2e1148e6746ce3f80a1a\jakarta.transaction-api-2.0.1.jar;C:\Users\ITWILL\.gradle\caches\modules-2\files-2.1\org.antlr\antlr4-runtime\4.13.0\5a02e48521624faaf5ff4d99afc88b01686af655\antlr4-runtime-4.13.0.jar;C:\Users\ITWILL\.gradle\caches\modules-2\files-2.1\org.aspectj\aspectjweaver\1.9.22.1\bca243d0af0db4758fbae45c5f4995cb5dabb612\aspectjweaver-1.9.22.1.jar;C:\Users\ITWILL\.gradle\caches\modules-2\files-2.1\com.fasterxml.jackson.datatype\jackson-datatype-jsr310\2.18.2\7b6ff96adf421f4c6edbd694e797dd8fe434510a\jackson-datatype-jsr310-2.18.2.jar;C:\Users\ITWILL\.gradle\caches\modules-2\files-2.1\com.fasterxml.jackson.module\jackson-module-parameter-names\2.18.2\72960cb3277347a748911d100c3302d60e8a616a\jackson-module-parameter-names-2.18.2.jar;C:\Users\ITWILL\.gradle\caches\modules-2\files-2.1\com.fasterxml.jackson.core\jackson-annotations\2.18.2\985d77751ebc7fce5db115a986bc9aa82f973f4a\jackson-annotations-2.18.2.jar;C:\Users\ITWILL\.gradle\caches\modules-2\files-2.1\com.fasterxml.jackson.core\jackson-core\2.18.2\fb64ccac5c27dca8819418eb4e443a9f496d9ee7\jackson-core-2.18.2.jar;C:\Users\ITWILL\.gradle\caches\modules-2\files-2.1\com.fasterxml.jackson.datatype\jackson-datatype-jdk8\2.18.2\9ed6d538ebcc66864e114a7040953dce6ab6ea53\jackson-datatype-jdk8-2.18.2.jar;C:\Users\ITWILL\.gradle\caches\modules-2\files-2.1\com.fasterxml.jackson.core\jackson-databind\2.18.2\deef8697b92141fb6caf7aa86966cff4eec9b04f\jackson-databind-2.18.2.jar;C:\Users\ITWILL\.gradle\caches\modules-2\files-2.1\org.apache.tomcat.embed\tomcat-embed-websocket\10.1.36\222960bc8895aa543e405382094c7fb118544d0d\tomcat-embed-websocket-10.1.36.jar;C:\Users\ITWILL\.gradle\caches\modules-2\files-2.1\org.apache.tomcat.embed\tomcat-embed-core\10.1.36\3ccaa558e32e317e35d6674d65d7d9aa182e082f\tomcat-embed-core-10.1.36.jar;C:\Users\ITWILL\.gradle\caches\modules-2\files-2.1\org.apache.tomcat.embed\tomcat-embed-el\10.1.36\4e4235a18244af30bb32d9b5a9400fb8edb3bc20\tomcat-embed-el-10.1.36.jar;C:\Users\ITWILL\.gradle\caches\modules-2\files-2.1\io.micrometer\micrometer-observation\1.14.4\c17efe9e6695a0a849a95d0e77422516a345e779\micrometer-observation-1.14.4.jar;C:\Users\ITWILL\.gradle\caches\modules-2\files-2.1\org.springframework\spring-jcl\6.2.3\ce8bf55aa240fdeab07b3da1f462c79112a33aff\spring-jcl-6.2.3.jar;C:\Users\ITWILL\.gradle\caches\modules-2\files-2.1\org.springframework.security\spring-security-crypto\6.4.3\157bf3d0173f12882938e244ba5c1359d72908d9\spring-security-crypto-6.4.3.jar;C:\Users\ITWILL\.gradle\caches\modules-2\files-2.1\org.attoparser\attoparser\2.0.7.RELEASE\e5d0e988d9124139d645bb5872b24dfa23e283cc\attoparser-2.0.7.RELEASE.jar;C:\Users\ITWILL\.gradle\caches\modules-2\files-2.1\org.unbescape\unbescape\1.1.6.RELEASE\7b90360afb2b860e09e8347112800d12c12b2a13\unbescape-1.1.6.RELEASE.jar;C:\Users\ITWILL\.gradle\caches\modules-2\files-2.1\io.micrometer\micrometer-commons\1.14.4\3664f95586514d8f9adc81a5f7a5ef9f66b65599\micrometer-commons-1.14.4.jar;C:\Users\ITWILL\.gradle\caches\modules-2\files-2.1\ch.qos.logback\logback-core\1.5.16\4f17700f046900aea2fadf115e2d67fec921f7fd\logback-core-1.5.16.jar;C:\Users\ITWILL\.gradle\caches\modules-2\files-2.1\org.apache.logging.log4j\log4j-api\2.24.3\b02c125db8b6d295adf72ae6e71af5d83bce2370\log4j-api-2.24.3.jar;C:\Users\ITWILL\.gradle\caches\modules-2\files-2.1\org.springframework.boot\spring-boot-devtools\3.4.3\2ff7eda01cc1f445ddf1cc4a18fc4950634dbb33\spring-boot-devtools-3.4.3.jar;C:\Users\ITWILL\.gradle\caches\modules-2\files-2.1\com.oracle.database.jdbc\ojdbc11\23.5.0.24.07\6e07003d57be5e280ef0492209e20fa27edec5b6\ojdbc11-23.5.0.24.07.jar;C:\Users\ITWILL\.gradle\caches\modules-2\files-2.1\org.jboss.logging\jboss-logging\3.6.1.Final\886afbb445b4016a37c8960a7aef6ebd769ce7e5\jboss-logging-3.6.1.Final.jar;C:\Users\ITWILL\.gradle\caches\modules-2\files-2.1\org.hibernate.common\hibernate-commons-annotations\7.0.3.Final\e183c4be8bb41d12e9f19b374e00c34a0a85f439\hibernate-commons-annotations-7.0.3.Final.jar;C:\Users\ITWILL\.gradle\caches\modules-2\files-2.1\io.smallrye\jandex\3.2.0\f17ad860f62a08487b9edabde608f8ac55c62fa7\jandex-3.2.0.jar;C:\Users\ITWILL\.gradle\caches\modules-2\files-2.1\com.fasterxml\classmate\1.7.0\e98374da1f2143ac8e6e0a95036994bb19137a3\classmate-1.7.0.jar;C:\Users\ITWILL\.gradle\caches\modules-2\files-2.1\net.bytebuddy\byte-buddy\1.15.11\f61886478e0f9ee4c21d09574736f0ff45e0a46c\byte-buddy-1.15.11.jar;C:\Users\ITWILL\.gradle\caches\modules-2\files-2.1\org.glassfish.jaxb\jaxb-runtime\4.0.5\ca84c2a7169b5293e232b9d00d1e4e36d4c3914a\jaxb-runtime-4.0.5.jar;C:\Users\ITWILL\.gradle\caches\modules-2\files-2.1\org.glassfish.jaxb\jaxb-core\4.0.5\7b4b11ea5542eea4ad55e1080b23be436795b3\jaxb-core-4.0.5.jar;C:\Users\ITWILL\.gradle\caches\modules-2\files-2.1\jakarta.xml.bind\jakarta.xml.bind-api\4.0.2\6cd5a999b834b63238005b7144136379dc36cad2\jakarta.xml.bind-api-4.0.2.jar;C:\Users\ITWILL\.gradle\caches\modules-2\files-2.1\jakarta.inject\jakarta.inject-api\2.0.1\4c28afe1991a941d7702fe1362c365f0a8641d1e\jakarta.inject-api-2.0.1.jar;C:\Users\ITWILL\.gradle\caches\modules-2\files-2.1\org.eclipse.angus\angus-activation\2.0.2\41f1e0ddd157c856926ed149ab837d110955a9fc\angus-activation-2.0.2.jar;C:\Users\ITWILL\.gradle\caches\modules-2\files-2.1\jakarta.activation\jakarta.activation-api\2.1.3\fa165bd70cda600368eee31555222776a46b881f\jakarta.activation-api-2.1.3.jar;C:\Users\ITWILL\.gradle\caches\modules-2\files-2.1\org.glassfish.jaxb\txw2\4.0.5\f36a4ef12120a9bb06d766d6a0e54b144fd7ed98\txw2-4.0.5.jar;C:\Users\ITWILL\.gradle\caches\modules-2\files-2.1\com.sun.istack\istack-commons-runtime\4.1.2\18ec117c85f3ba0ac65409136afa8e42bc74e739\istack-commons-runtime-4.1.2.jar
Launcher Type: SUN_STANDARD

[Global flags]
     intx CICompilerCount                          = 12                                        {product} {ergonomic}
     uint ConcGCThreads                            = 3                                         {product} {ergonomic}
     uint G1ConcRefinementThreads                  = 13                                        {product} {ergonomic}
   size_t G1HeapRegionSize                         = 2097152                                   {product} {ergonomic}
    uintx GCDrainStackTargetSize                   = 64                                        {product} {ergonomic}
   size_t InitialHeapSize                          = 264241152                                 {product} {ergonomic}
     bool ManagementServer                         = true                                      {product} {command line}
   size_t MarkStackSize                            = 4194304                                   {product} {ergonomic}
   size_t MaxHeapSize                              = 4206886912                                {product} {ergonomic}
   size_t MaxNewSize                               = 2522873856                                {product} {ergonomic}
   size_t MinHeapDeltaBytes                        = 2097152                                   {product} {ergonomic}
   size_t MinHeapSize                              = 8388608                                   {product} {ergonomic}
    uintx NonNMethodCodeHeapSize                   = 4096                                   {pd product} {ergonomic}
    uintx NonProfiledCodeHeapSize                  = 0                                      {pd product} {ergonomic}
     bool ProfileInterpreter                       = false                                  {pd product} {command line}
    uintx ProfiledCodeHeapSize                     = 0                                      {pd product} {ergonomic}
     bool ShowCodeDetailsInExceptionMessages       = true                                   {manageable} {command line}
   size_t SoftMaxHeapSize                          = 4206886912                             {manageable} {ergonomic}
     intx TieredStopAtLevel                        = 1                                         {product} {command line}
     bool UseCompressedOops                        = true                           {product lp64_product} {ergonomic}
     bool UseG1GC                                  = true                                      {product} {ergonomic}
     bool UseLargePagesIndividualAllocation        = false                                  {pd product} {ergonomic}

Logging:
Log output configuration:
 #0: stdout all=warning uptime,level,tags foldmultilines=false
 #1: stderr all=off uptime,level,tags foldmultilines=false

Environment Variables:
JAVA_HOME=C:\Program Files\jdk-21
PATH=C:/Program Files/jdk-21/bin/server;C:/Program Files/jdk-21/bin;C:\app\ITWILL\product\21c\dbhomeXE\bin;C:\WINDOWS\system32;C:\WINDOWS;C:\WINDOWS\System32\Wbem;C:\WINDOWS\System32\WindowsPowerShell\v1.0\;C:\WINDOWS\System32\OpenSSH\;C:\Program Files\MySQL\MySQL Shell 8.0\bin\;C:\Users\ITWILL\AppData\Local\Microsoft\WindowsApps;C:\Program Files\Bandizip\;C:\Program Files\jdk-21\bin;;C:\sts-4.28.1.RELEASE;
USERNAME=ITWILL
OS=Windows_NT
PROCESSOR_IDENTIFIER=Intel64 Family 6 Model 167 Stepping 1, GenuineIntel
TMP=C:\Users\ITWILL\AppData\Local\Temp
TEMP=C:\Users\ITWILL\AppData\Local\Temp




---------------  S Y S T E M  ---------------

OS:
 Windows 11 , 64 bit Build 26100 (10.0.26100.3323)
OS uptime: 2 days 3:50 hours

CPU: total 16 (initial active 16) (8 cores per cpu, 2 threads per core) family 6 model 167 stepping 1 microcode 0x3c, cx8, cmov, fxsr, ht, mmx, 3dnowpref, sse, sse2, sse3, ssse3, sse4.1, sse4.2, popcnt, lzcnt, tsc, tscinvbit, avx, avx2, aes, erms, clmul, bmi1, bmi2, adx, avx512f, avx512dq, avx512cd, avx512bw, avx512vl, sha, fma, vzeroupper, avx512_vpopcntdq, avx512_vpclmulqdq, avx512_vaes, avx512_vnni, clflush, clflushopt, avx512_vbmi2, avx512_vbmi, rdtscp, rdpid, fsrm, gfni, avx512_bitalg, f16c, pku, avx512_ifma
Processor Information for all 16 processors :
  Max Mhz: 2496, Current Mhz: 2496, Mhz Limit: 2496

Memory: 4k page, system-wide physical 16043M (2352M free)
TotalPageFile size 44602M (AvailPageFile size 4M)
current process WorkingSet (physical memory assigned to process): 345M, peak: 426M
current process commit charge ("private bytes"): 410M, peak: 493M

vm_info: OpenJDK 64-Bit Server VM (21+35-2513) for windows-amd64 JRE (21+35-2513), built on 2023-08-09T20:25:10Z by "mach5one" with MS VC++ 17.1 (VS2022)

END.
